make all --print-data-base --no-builtin-variables --no-builtin-rules --question
make: *** No rule to make target 'all'.  Stop.

# GNU Make 4.3
# Built for x86_64-pc-linux-gnu
# Copyright (C) 1988-2020 Free Software Foundation, Inc.
# License GPLv3+: GNU GPL version 3 or later <http://gnu.org/licenses/gpl.html>
# This is free software: you are free to change and redistribute it.
# There is NO WARRANTY, to the extent permitted by law.

# Make data base, printed on Sun Sep 18 23:46:52 2022

# Variables

# environment
JAVA_HOME = /usr/lib/jvm/java-8-oracle
# environment
LC_ALL = C
# environment
VSCODE_CWD = /home/vcatane1
# default
MAKE_COMMAND := make
# environment
VSCODE_HANDLES_SIGPIPE = true
# automatic
@D = $(patsubst %/,%,$(dir $@))
# environment
VSCODE_HANDLES_UNCAUGHT_ERRORS = true
# default
.VARIABLES := 
# environment
PWD = /home/vcatane1/350B
# automatic
%D = $(patsubst %/,%,$(dir $%))
# environment
OLDPWD = /home/vcatane1/.vscode-server/bin/74b1f979648cc44d385a2286793c226e611f59e7
# environment
CHAINENV_CONFIG_ROOT = /home/vcatane1/.config/chainenv
# automatic
^D = $(patsubst %/,%,$(dir $^))
# automatic
%F = $(notdir $%)
# environment
LANG = C
# default
.LOADED := 
# default
.INCLUDE_DIRS = /usr/local/include /usr/include /usr/include
# makefile
MAKEFLAGS = pqrR
# makefile
CURDIR := /home/vcatane1/350B
# environment
J2REDIR = /usr/lib/jvm/java-8-oracle/jre
# environment
APPLICATION_INSIGHTS_NO_DIAGNOSTIC_CHANNEL = 1
# automatic
*D = $(patsubst %/,%,$(dir $*))
# environment
MFLAGS = -pqrR
# default
.SHELLFLAGS := -c
# automatic
+D = $(patsubst %/,%,$(dir $+))
# makefile
MAKEFILE_LIST := 
# automatic
@F = $(notdir $@)
# environment
KRB5CCNAME = FILE:/tmp/krb5cc_15346_0qMPfGLssw
# environment
XDG_SESSION_TYPE = tty
# automatic
?D = $(patsubst %/,%,$(dir $?))
# automatic
*F = $(notdir $*)
# environment
DBUS_SESSION_BUS_ADDRESS = unix:path=/run/user/15346/bus
# automatic
<D = $(patsubst %/,%,$(dir $<))
# environment
VSCODE_NLS_CONFIG = {"locale":"en","availableLanguages":{}}
# default
MAKE_HOST := x86_64-pc-linux-gnu
# makefile
SHELL = /bin/sh
# default
MAKECMDGOALS := all
# environment
SHLVL = 0
# environment
MAKELEVEL := 0
# default
MAKE = $(MAKE_COMMAND)
# environment
PATH = /home/vcatane1/.vscode-server/bin/74b1f979648cc44d385a2286793c226e611f59e7/bin/remote-cli:/home/vcatane1/.config/chainenv/shims:/opt/chainenv/bin:/usr/local/bin:/usr/bin:/bin:/usr/local/games:/usr/games:/usr/lib/jvm/java-8-oracle/bin:/usr/lib/jvm/java-8-oracle/db/bin:/usr/lib/jvm/java-8-oracle/jre/bin
# default
MAKEFILES := 
# environment
MOTD_SHOWN = pam
# automatic
^F = $(notdir $^)
# environment
SSH_CLIENT = 128.226.231.156 63442 22
# environment
VIRTUALENVWRAPPER_SCRIPT = /usr/share/virtualenvwrapper/virtualenvwrapper.sh
# automatic
?F = $(notdir $?)
# environment
CHAINENV_ROOT = /opt/chainenv
# automatic
+F = $(notdir $+)
# 'override' directive
GNUMAKEFLAGS := 
# environment
BROWSER = /home/vcatane1/.vscode-server/bin/74b1f979648cc44d385a2286793c226e611f59e7/bin/helpers/browser.sh
# environment
LOGNAME = vcatane1
# environment
CHAINENV_SHELL = bash
# makefile
.DEFAULT_GOAL := 
# environment
USER = vcatane1
# default
MAKE_VERSION := 4.3
# environment
VSCODE_AGENT_FOLDER = /home/vcatane1/.vscode-server
# environment
_ = /home/vcatane1/.vscode-server/bin/74b1f979648cc44d385a2286793c226e611f59e7/node
# environment
XDG_RUNTIME_DIR = /run/user/15346
# environment
VSCODE_IPC_HOOK_CLI = /run/user/15346/vscode-ipc-b05627ec-b884-4868-b690-37ae2edd4c44.sock
# environment
XDG_SESSION_CLASS = user
# environment
VSCODE_AMD_ENTRYPOINT = vs/workbench/api/node/extensionHostProcess
# environment
HOME = /home/vcatane1
# environment
J2SDKDIR = /usr/lib/jvm/java-8-oracle
# environment
ELECTRON_RUN_AS_NODE = 1
# environment
XDG_SESSION_ID = 366124
# default
.RECIPEPREFIX := 
# automatic
<F = $(notdir $<)
# default
SUFFIXES := 
# environment
_VIRTUALENVWRAPPER_API =  mkvirtualenv rmvirtualenv lsvirtualenv showvirtualenv workon add2virtualenv cdsitepackages cdvirtualenv lssitepackages toggleglobalsitepackages cpvirtualenv setvirtualenvproject mkproject cdproject mktmpenv wipeenv allvirtualenv
# default
.FEATURES := target-specific order-only second-expansion else-if shortest-stem undefine oneshell nocomment grouped-target extra-prereqs archives jobserver output-sync check-symlink load
# environment
DERBY_HOME = /usr/lib/jvm/java-8-oracle/db
# environment
SSH_CONNECTION = 128.226.231.156 63442 128.226.114.202 22
# variable set hash-table stats:
# Load=73/1024=7%, Rehash=0, Collisions=2/100=2%

# Pattern-specific Variable Values

# No pattern-specific variable values.

# Directories

# . (device 51, inode 2557595703): 10 files, no impossibilities.

# 10 files, no impossibilities in 1 directories.

# Implicit Rules

# No implicit rules.

# Files

# Not a target:
Makefile:
#  Implicit rule search has been done.
#  File does not exist.
#  File has been updated.
#  Failed to be updated.

# Not a target:
.DEFAULT:
#  Implicit rule search has not been done.
#  Modification time never checked.
#  File has not been updated.

# Not a target:
all:
#  Command line target.
#  Implicit rule search has been done.
#  File does not exist.
#  File has not been updated.

# Not a target:
makefile:
#  Implicit rule search has been done.
#  File does not exist.
#  File has been updated.
#  Failed to be updated.

# Not a target:
GNUmakefile:
#  Implicit rule search has been done.
#  File does not exist.
#  File has been updated.
#  Failed to be updated.

# files hash-table stats:
# Load=6/1024=1%, Rehash=0, Collisions=0/15=0%
# VPATH Search Paths

# No 'vpath' search paths.

# No general ('VPATH' variable) search path.

# strcache buffers: 1 (0) / strings = 18 / storage = 178 B / avg = 9 B
# current buf: size = 8162 B / used = 178 B / count = 18 / avg = 9 B

# strcache performance: lookups = 21 / hit rate = 14%
# hash-table stats:
# Load=18/8192=0%, Rehash=0, Collisions=0/21=0%
# Finished Make data base on Sun Sep 18 23:46:52 2022

 
